Traceback (most recent call last):
  File "/opt/hostedtoolcache/Python/3.10.14/x64/lib/python3.10/site-packages/jupyter_cache/executors/utils.py", line 58, in single_nb_execution
    executenb(
  File "/opt/hostedtoolcache/Python/3.10.14/x64/lib/python3.10/site-packages/nbclient/client.py", line 1314, in execute
    return NotebookClient(nb=nb, resources=resources, km=km, **kwargs).execute()
  File "/opt/hostedtoolcache/Python/3.10.14/x64/lib/python3.10/site-packages/jupyter_core/utils/__init__.py", line 165, in wrapped
    return loop.run_until_complete(inner)
  File "/opt/hostedtoolcache/Python/3.10.14/x64/lib/python3.10/asyncio/base_events.py", line 649, in run_until_complete
    return future.result()
  File "/opt/hostedtoolcache/Python/3.10.14/x64/lib/python3.10/site-packages/nbclient/client.py", line 709, in async_execute
    await self.async_execute_cell(
  File "/opt/hostedtoolcache/Python/3.10.14/x64/lib/python3.10/site-packages/nbclient/client.py", line 1062, in async_execute_cell
    await self._check_raise_for_error(cell, cell_index, exec_reply)
  File "/opt/hostedtoolcache/Python/3.10.14/x64/lib/python3.10/site-packages/nbclient/client.py", line 918, in _check_raise_for_error
    raise CellExecutionError.from_cell_and_msg(cell, exec_reply_content)
nbclient.exceptions.CellExecutionError: An error occurred while executing the following cell:
------------------
N = 17
x = np.linspace(0.0, 2.0*np.pi, N, endpoint=True)
y = np.sin(x)**2

I = integrate.simps(y, x)
print(I)
------------------


[0;31m---------------------------------------------------------------------------[0m
[0;31mAttributeError[0m                            Traceback (most recent call last)
Cell [0;32mIn[8], line 5[0m
[1;32m      2[0m x [38;5;241m=[39m np[38;5;241m.[39mlinspace([38;5;241m0.0[39m, [38;5;241m2.0[39m[38;5;241m*[39mnp[38;5;241m.[39mpi, N, endpoint[38;5;241m=[39m[38;5;28;01mTrue[39;00m)
[1;32m      3[0m y [38;5;241m=[39m np[38;5;241m.[39msin(x)[38;5;241m*[39m[38;5;241m*[39m[38;5;241m2[39m
[0;32m----> 5[0m I [38;5;241m=[39m [43mintegrate[49m[38;5;241;43m.[39;49m[43msimps[49m(y, x)
[1;32m      6[0m [38;5;28mprint[39m(I)

[0;31mAttributeError[0m: module 'scipy.integrate' has no attribute 'simps'

